<?xml version="1.0" encoding="UTF-8"?>
<testng-results total="1" passed="1" failed="0" skipped="0">
  <reporter-output>
  </reporter-output>
  <suite started-at="2020-12-16T13:47:41Z" name="Default suite" finished-at="2020-12-16T13:47:45Z" duration-ms="3548">
    <groups>
    </groups>
    <test started-at="2020-12-16T13:47:41Z" name="Default test" finished-at="2020-12-16T13:47:45Z" duration-ms="3548">
      <class name="com.postTest.RegisterUser">
        <test-method signature="createFirstUser()[pri:0, instance:com.postTest.RegisterUser@1722011b]" started-at="2020-12-16T13:47:41Z" name="createFirstUser" finished-at="2020-12-16T13:47:45Z" duration-ms="3519" status="PASS">
        </test-method>
      </class>
    </test>
  </suite>
</testng-results>
